   1               		.file	"main.c"
   2               	__SP_H__ = 0x3e
   3               	__SP_L__ = 0x3d
   4               	__SREG__ = 0x3f
   5               	__tmp_reg__ = 0
   6               	__zero_reg__ = 1
   7               		.text
   8               	.Ltext0:
   9               		.cfi_sections	.debug_frame
  10               		.section	.text.startup,"ax",@progbits
  11               	.global	main
  13               	main:
  14               	.LFB0:
  15               		.file 1 "main.c"
   1:main.c        **** #include "stepper.h"
   2:main.c        **** #include <avr/io.h>
   3:main.c        **** 
   4:main.c        **** int main(void)
   5:main.c        **** {
  16               		.loc 1 5 1 view -0
  17               		.cfi_startproc
  18 0000 0F92      		push __tmp_reg__
  19               	.LCFI0:
  20               		.cfi_def_cfa_offset 3
  21 0002 CDB7      		in r28,__SP_L__
  22 0004 DEB7      		in r29,__SP_H__
  23               	.LCFI1:
  24               		.cfi_def_cfa_register 28
  25               	/* prologue: function */
  26               	/* frame size = 1 */
  27               	/* stack size = 1 */
  28               	.L__stack_usage = 1
   6:main.c        **** 	uint8_t step, state = STEPPER_INIT;
  29               		.loc 1 6 2 view .LVU1
  30               		.loc 1 6 16 is_stmt 0 view .LVU2
  31 0006 80E8      		ldi r24,lo8(-128)
  32 0008 8983      		std Y+1,r24
  33               	.L2:
   7:main.c        **** 	for(;;)
  34               		.loc 1 7 2 is_stmt 1 discriminator 1 view .LVU3
   8:main.c        **** 	{
   9:main.c        **** 		step = next_step(&state, FULL_STEP | FWD);
  35               		.loc 1 9 3 discriminator 1 view .LVU4
  36               		.loc 1 9 10 is_stmt 0 discriminator 1 view .LVU5
  37 000a 63E0      		ldi r22,lo8(3)
  38 000c CE01      		movw r24,r28
  39 000e 0196      		adiw r24,1
  40 0010 0E94 0000 		call next_step
  41               	.LVL0:
  10:main.c        **** 		PORTB &= 0xF0;
  42               		.loc 1 10 3 is_stmt 1 discriminator 1 view .LVU6
  43               		.loc 1 10 9 is_stmt 0 discriminator 1 view .LVU7
  44 0014 25B1      		in r18,0x5
  45 0016 207F      		andi r18,lo8(-16)
  46 0018 25B9      		out 0x5,r18
  11:main.c        **** 		PORTB |= step;
  47               		.loc 1 11 3 is_stmt 1 discriminator 1 view .LVU8
  48               		.loc 1 11 9 is_stmt 0 discriminator 1 view .LVU9
  49 001a 95B1      		in r25,0x5
  50 001c 982B      		or r25,r24
  51 001e 95B9      		out 0x5,r25
   7:main.c        **** 	{
  52               		.loc 1 7 7 is_stmt 1 discriminator 1 view .LVU10
  53 0020 00C0      		rjmp .L2
  54               		.cfi_endproc
  55               	.LFE0:
  57               		.text
  58               	.Letext0:
  59               		.file 2 "/usr/avr/include/stdint.h"
  60               		.file 3 "stepper.h"
DEFINED SYMBOLS
                            *ABS*:0000000000000000 main.c
     /tmp/ccDE9tRz.s:2      *ABS*:000000000000003e __SP_H__
     /tmp/ccDE9tRz.s:3      *ABS*:000000000000003d __SP_L__
     /tmp/ccDE9tRz.s:4      *ABS*:000000000000003f __SREG__
     /tmp/ccDE9tRz.s:5      *ABS*:0000000000000000 __tmp_reg__
     /tmp/ccDE9tRz.s:6      *ABS*:0000000000000001 __zero_reg__
     /tmp/ccDE9tRz.s:13     .text.startup:0000000000000000 main

UNDEFINED SYMBOLS
next_step
